
########################################################
##### Extensive de-novo TE Annotator (EDTA) v1.9.7  ####
##### Shujun Ou (shujun.ou.1@gmail.com)             ####
########################################################



Wed May  5 14:31:19 EDT 2021	Dependency checking:
				All passed!

	A CDS file /mnt/research/edgerpat_lab/Scotty/Fragaria_502_562_TE_Annotation/data/processed_data/562_CDS_NewNames.fasta is provided via --cds. Please make sure this is the DNA sequence of coding regions only.

Wed May  5 14:31:28 EDT 2021	Obtain raw TE libraries using various structure-based programs: 
Wed May  5 14:31:28 EDT 2021	EDTA_raw: Check dependencies, prepare working directories.

Wed May  5 14:31:31 EDT 2021	Start to find LTR candidates.

Wed May  5 14:31:31 EDT 2021	Identify LTR retrotransposon candidates from scratch.

Wed May  5 14:47:35 EDT 2021	Finish finding LTR candidates.

Wed May  5 14:47:35 EDT 2021	Start to find TIR candidates.

Wed May  5 14:47:35 EDT 2021	Identify TIR candidates from scratch.

Species: others
Wed May  5 16:35:44 EDT 2021	Finish finding TIR candidates.

Wed May  5 16:35:44 EDT 2021	Start to find Helitron candidates.

Wed May  5 16:35:44 EDT 2021	Identify Helitron candidates from scratch.

Wed May  5 18:12:20 EDT 2021	Finish finding Helitron candidates.

Wed May  5 18:12:20 EDT 2021	Execution of EDTA_raw.pl is finished!

Wed May  5 18:12:20 EDT 2021	Obtain raw TE libraries finished.
				All intact TEs found by EDTA: 
					562_NewNames.fasta.mod.EDTA.intact.fa
					562_NewNames.fasta.mod.EDTA.intact.gff3

Wed May  5 18:12:20 EDT 2021	Perform EDTA advance filtering for raw TE candidates and generate the stage 1 library: 

Wed May  5 18:22:31 EDT 2021	EDTA advance filtering finished.

Wed May  5 18:22:31 EDT 2021	Perform EDTA final steps to generate a non-redundant comprehensive TE library:

				Use RepeatModeler to identify any remaining TEs that are missed by structure-based methods.

2021-05-06 08:56:29,371 -WARNING- Grid computing is not available because DRMAA not configured properly: Could not find drmaa library.  Please specify its full path using the environment variable DRMAA_LIBRARY_PATH
2021-05-06 08:56:29,449 -INFO- VARS: {'sequence': '562_NewNames.fasta.mod.RM.consensi.fa', 'hmm_database': 'rexdb', 'seq_type': 'nucl', 'prefix': '562_NewNames.fasta.mod.RM.consensi.fa.rexdb', 'force_write_hmmscan': False, 'processors': 25, 'tmp_dir': './tmp', 'min_coverage': 20, 'max_evalue': 0.001, 'disable_pass2': False, 'pass2_rule': '80-80-80', 'no_library': False, 'no_reverse': False, 'no_cleanup': False, 'p2_identity': 80.0, 'p2_coverage': 80.0, 'p2_length': 80.0}
2021-05-06 08:56:29,449 -INFO- checking dependencies:
2021-05-06 08:56:29,515 -INFO- hmmer	3.3.1	OK
2021-05-06 08:56:29,587 -INFO- blastn	2.10.0+	OK
2021-05-06 08:56:29,589 -INFO- check database rexdb
2021-05-06 08:56:29,590 -INFO- db path: /mnt/ufs18/home-115/teresisc/anaconda3/envs/EDTA/lib/python3.6/site-packages/TEsorter/database
2021-05-06 08:56:29,590 -INFO- db file: REXdb_protein_database_viridiplantae_v3.0_plus_metazoa_v3.hmm
2021-05-06 08:56:29,591 -INFO- REXdb_protein_database_viridiplantae_v3.0_plus_metazoa_v3.hmm	OK
2021-05-06 08:56:29,591 -INFO- Start classifying pipeline
2021-05-06 08:56:29,788 -INFO- total 608 sequences
2021-05-06 08:56:29,789 -INFO- translating `562_NewNames.fasta.mod.RM.consensi.fa` in six frames
/mnt/home/teresisc/anaconda3/envs/EDTA/lib/python3.6/site-packages/Bio/Seq.py:2338: BiopythonWarning: Partial codon, len(sequence) not a multiple of three. Explicitly trim the sequence or add trailing N before translation. This may become an error in future.
  BiopythonWarning,
2021-05-06 08:56:30,655 -INFO- HMM scanning against `/mnt/ufs18/home-115/teresisc/anaconda3/envs/EDTA/lib/python3.6/site-packages/TEsorter/database/REXdb_protein_database_viridiplantae_v3.0_plus_metazoa_v3.hmm`
2021-05-06 08:56:30,708 -INFO- Creating server instance (pp-1.6.4.4)
2021-05-06 08:56:30,708 -INFO- Running on Python 3.6.12 linux
2021-05-06 08:56:32,301 -INFO- pp local server started with 25 workers
2021-05-06 08:56:32,459 -INFO- Task 0 started
2021-05-06 08:56:32,459 -INFO- Task 1 started
2021-05-06 08:56:32,459 -INFO- Task 2 started
2021-05-06 08:56:32,459 -INFO- Task 3 started
2021-05-06 08:56:32,460 -INFO- Task 4 started
2021-05-06 08:56:32,460 -INFO- Task 5 started
2021-05-06 08:56:32,460 -INFO- Task 6 started
2021-05-06 08:56:32,460 -INFO- Task 7 started
2021-05-06 08:56:32,461 -INFO- Task 8 started
2021-05-06 08:56:32,461 -INFO- Task 9 started
2021-05-06 08:56:32,461 -INFO- Task 10 started
2021-05-06 08:56:32,461 -INFO- Task 11 started
2021-05-06 08:56:32,462 -INFO- Task 12 started
2021-05-06 08:56:32,462 -INFO- Task 13 started
2021-05-06 08:56:32,463 -INFO- Task 14 started
2021-05-06 08:56:32,464 -INFO- Task 15 started
2021-05-06 08:56:32,465 -INFO- Task 16 started
2021-05-06 08:56:32,465 -INFO- Task 17 started
2021-05-06 08:56:32,465 -INFO- Task 18 started
2021-05-06 08:56:32,466 -INFO- Task 19 started
2021-05-06 08:56:32,466 -INFO- Task 20 started
2021-05-06 08:56:32,466 -INFO- Task 21 started
2021-05-06 08:56:32,467 -INFO- Task 22 started
2021-05-06 08:56:32,467 -INFO- Task 23 started
2021-05-06 08:56:32,468 -INFO- Task 24 started
2021-05-06 08:56:55,074 -INFO- generating gene anntations
2021-05-06 08:56:55,126 -INFO- 61 sequences classified by HMM
2021-05-06 08:56:55,127 -INFO- see protein domain sequences in `562_NewNames.fasta.mod.RM.consensi.fa.rexdb.dom.faa` and annotation gff3 file in `562_NewNames.fasta.mod.RM.consensi.fa.rexdb.dom.gff3`
2021-05-06 08:56:55,127 -INFO- classifying the unclassified sequences by searching against the classified ones
2021-05-06 08:56:55,151 -INFO- using the 80-80-80 rule
2021-05-06 08:56:55,151 -INFO- run CMD: `makeblastdb -in ./tmp/pass1_classified.fa -dbtype nucl`
2021-05-06 08:56:55,310 -INFO- run CMD: `blastn -query ./tmp/pass1_unclassified.fa -db ./tmp/pass1_classified.fa -out ./tmp/pass1_unclassified.fa.blastout -outfmt '6 qseqid sseqid pident length mismatch gapopen qstart qend sstart send evalue bitscore qlen slen qcovs qcovhsp sstrand' -num_threads 25`
2021-05-06 08:56:55,545 -INFO- 3 sequences classified in pass 2
2021-05-06 08:56:55,545 -INFO- total 64 sequences classified.
2021-05-06 08:56:55,546 -INFO- see classified sequences in `562_NewNames.fasta.mod.RM.consensi.fa.rexdb.cls.tsv`
2021-05-06 08:56:55,546 -INFO- writing library for RepeatMasker in `562_NewNames.fasta.mod.RM.consensi.fa.rexdb.cls.lib`
2021-05-06 08:56:55,563 -INFO- writing classified protein domains in `562_NewNames.fasta.mod.RM.consensi.fa.rexdb.cls.pep`
2021-05-06 08:56:55,566 -INFO- Summary of classifications:
Order           Superfamily      # of Sequences# of Clade Sequences    # of Clades# of full Domains
LTR             Gypsy                         9              7              4              0
pararetrovirus  unknown                       2              0              0              0
LINE            unknown                      36              0              0              0
TIR             EnSpm_CACTA                   9              0              0              0
TIR             MuDR_Mutator                  3              0              0              0
TIR             PIF_Harbinger                 1              0              0              0
TIR             hAT                           3              0              0              0
Maverick        unknown                       1              0              0              0
2021-05-06 08:56:55,567 -INFO- Pipeline done.
2021-05-06 08:56:55,567 -INFO- cleaning the temporary directory ./tmp
Thu May  6 09:01:53 EDT 2021	Clean up TE-related sequences in the CDS file with TEsorter:

2021-05-06 09:01:55,113 -WARNING- Grid computing is not available because DRMAA not configured properly: Could not find drmaa library.  Please specify its full path using the environment variable DRMAA_LIBRARY_PATH
2021-05-06 09:01:55,118 -INFO- VARS: {'sequence': '562_CDS_NewNames.fasta.code', 'hmm_database': 'rexdb', 'seq_type': 'nucl', 'prefix': '562_CDS_NewNames.fasta.code.rexdb', 'force_write_hmmscan': False, 'processors': 25, 'tmp_dir': './tmp', 'min_coverage': 20, 'max_evalue': 0.001, 'disable_pass2': False, 'pass2_rule': '80-80-80', 'no_library': False, 'no_reverse': False, 'no_cleanup': False, 'p2_identity': 80.0, 'p2_coverage': 80.0, 'p2_length': 80.0}
2021-05-06 09:01:55,119 -INFO- checking dependencies:
2021-05-06 09:01:55,128 -INFO- hmmer	3.3.1	OK
2021-05-06 09:01:55,175 -INFO- blastn	2.10.0+	OK
2021-05-06 09:01:55,178 -INFO- check database rexdb
2021-05-06 09:01:55,178 -INFO- db path: /mnt/ufs18/home-115/teresisc/anaconda3/envs/EDTA/lib/python3.6/site-packages/TEsorter/database
2021-05-06 09:01:55,178 -INFO- db file: REXdb_protein_database_viridiplantae_v3.0_plus_metazoa_v3.hmm
2021-05-06 09:01:55,178 -INFO- REXdb_protein_database_viridiplantae_v3.0_plus_metazoa_v3.hmm	OK
2021-05-06 09:01:55,179 -INFO- Start classifying pipeline
2021-05-06 09:01:55,432 -INFO- total 35420 sequences
2021-05-06 09:01:55,433 -INFO- translating `562_CDS_NewNames.fasta.code` in six frames
/mnt/home/teresisc/anaconda3/envs/EDTA/lib/python3.6/site-packages/Bio/Seq.py:2338: BiopythonWarning: Partial codon, len(sequence) not a multiple of three. Explicitly trim the sequence or add trailing N before translation. This may become an error in future.
  BiopythonWarning,
2021-05-06 09:02:39,457 -INFO- HMM scanning against `/mnt/ufs18/home-115/teresisc/anaconda3/envs/EDTA/lib/python3.6/site-packages/TEsorter/database/REXdb_protein_database_viridiplantae_v3.0_plus_metazoa_v3.hmm`
2021-05-06 09:02:41,266 -INFO- Creating server instance (pp-1.6.4.4)
2021-05-06 09:02:41,266 -INFO- Running on Python 3.6.12 linux
2021-05-06 09:02:42,842 -INFO- pp local server started with 25 workers
2021-05-06 09:02:42,862 -INFO- Task 0 started
2021-05-06 09:02:42,862 -INFO- Task 1 started
2021-05-06 09:02:42,862 -INFO- Task 2 started
2021-05-06 09:02:42,862 -INFO- Task 3 started
2021-05-06 09:02:42,863 -INFO- Task 4 started
2021-05-06 09:02:42,863 -INFO- Task 5 started
2021-05-06 09:02:42,863 -INFO- Task 6 started
2021-05-06 09:02:42,863 -INFO- Task 7 started
2021-05-06 09:02:42,864 -INFO- Task 8 started
2021-05-06 09:02:42,864 -INFO- Task 9 started
2021-05-06 09:02:42,864 -INFO- Task 10 started
2021-05-06 09:02:42,864 -INFO- Task 11 started
2021-05-06 09:02:42,864 -INFO- Task 12 started
2021-05-06 09:02:42,865 -INFO- Task 13 started
2021-05-06 09:02:42,865 -INFO- Task 14 started
2021-05-06 09:02:42,865 -INFO- Task 15 started
2021-05-06 09:02:42,865 -INFO- Task 16 started
2021-05-06 09:02:42,865 -INFO- Task 17 started
2021-05-06 09:02:42,866 -INFO- Task 18 started
2021-05-06 09:02:42,866 -INFO- Task 19 started
2021-05-06 09:02:42,866 -INFO- Task 20 started
2021-05-06 09:02:42,866 -INFO- Task 21 started
2021-05-06 09:02:42,867 -INFO- Task 22 started
2021-05-06 09:02:42,867 -INFO- Task 23 started
2021-05-06 09:02:42,867 -INFO- Task 24 started
2021-05-06 09:23:55,284 -INFO- generating gene anntations
2021-05-06 09:23:57,544 -INFO- 759 sequences classified by HMM
2021-05-06 09:23:57,544 -INFO- see protein domain sequences in `562_CDS_NewNames.fasta.code.rexdb.dom.faa` and annotation gff3 file in `562_CDS_NewNames.fasta.code.rexdb.dom.gff3`
2021-05-06 09:23:57,544 -INFO- classifying the unclassified sequences by searching against the classified ones
2021-05-06 09:23:58,581 -INFO- using the 80-80-80 rule
2021-05-06 09:23:58,581 -INFO- run CMD: `makeblastdb -in ./tmp/pass1_classified.fa -dbtype nucl`
2021-05-06 09:23:58,772 -INFO- run CMD: `blastn -query ./tmp/pass1_unclassified.fa -db ./tmp/pass1_classified.fa -out ./tmp/pass1_unclassified.fa.blastout -outfmt '6 qseqid sseqid pident length mismatch gapopen qstart qend sstart send evalue bitscore qlen slen qcovs qcovhsp sstrand' -num_threads 25`
2021-05-06 09:24:06,329 -INFO- 216 sequences classified in pass 2
2021-05-06 09:24:06,329 -INFO- total 975 sequences classified.
2021-05-06 09:24:06,330 -INFO- see classified sequences in `562_CDS_NewNames.fasta.code.rexdb.cls.tsv`
2021-05-06 09:24:06,330 -INFO- writing library for RepeatMasker in `562_CDS_NewNames.fasta.code.rexdb.cls.lib`
2021-05-06 09:24:07,117 -INFO- writing classified protein domains in `562_CDS_NewNames.fasta.code.rexdb.cls.pep`
2021-05-06 09:24:07,141 -INFO- Summary of classifications:
Order           Superfamily      # of Sequences# of Clade Sequences    # of Clades# of full Domains
LTR             Bel-Pao                       9              0              0              0
LTR             Copia                       159            105             15              1
LTR             Gypsy                       177            142             17             11
LTR             Retrovirus                    6              0              0              0
LTR             mixture                       3              0              0              0
pararetrovirus  unknown                       2              0              0              0
Penelope        unknown                       1              0              0              0
LINE            unknown                     168              0              0              0
TIR             EnSpm_CACTA                  10              0              0              0
TIR             Merlin                        1              0              0              0
TIR             MuDR_Mutator                139              0              0              0
TIR             PIF_Harbinger                17              0              0              0
TIR             Tc1_Mariner                   2              0              0              0
TIR             hAT                         120              0              0              0
Helitron        unknown                      18              0              0              0
Maverick        unknown                     136              0              0              0
mixture         mixture                       7              0              0              0
2021-05-06 09:24:07,142 -INFO- Pipeline done.
2021-05-06 09:24:07,142 -INFO- cleaning the temporary directory ./tmp
				Remove CDS-related sequences in the EDTA library:

Thu May  6 09:31:12 EDT 2021	EDTA final stage finished! You may check out:
				The final EDTA TE library: 562_NewNames.fasta.mod.EDTA.TElib.fa
Thu May  6 09:31:12 EDT 2021	Perform post-EDTA analysis for whole-genome annotation:

Thu May  6 09:31:12 EDT 2021	Homology-based annotation of TEs using 562_NewNames.fasta.mod.EDTA.TElib.fa from scratch.

Thu May  6 09:44:50 EDT 2021	TE annotation using the EDTA library has finished! Check out:
				Whole-genome TE annotation (total TE: 31.53%): 562_NewNames.fasta.mod.EDTA.TEanno.gff3
				Whole-genome TE annotation summary: 562_NewNames.fasta.mod.EDTA.TEanno.sum
				Low-threshold TE masking for MAKER gene annotation (masked: 15.47%): 562_NewNames.fasta.mod.MAKER.masked

