
########################################################
##### Extensive de-novo TE Annotator (EDTA) v1.9.7  ####
##### Shujun Ou (shujun.ou.1@gmail.com)             ####
########################################################



Tue Jun 29 12:02:01 EDT 2021	Dependency checking:
				All passed!

	A CDS file /mnt/research/edgerpat_lab/Scotty/Fragaria_TE_Annotations/data/processed_data/1008_2339_CDS_NewNames.fasta is provided via --cds. Please make sure this is the DNA sequence of coding regions only.

Tue Jun 29 12:02:10 EDT 2021	Obtain raw TE libraries using various structure-based programs: 
Tue Jun 29 12:02:10 EDT 2021	EDTA_raw: Check dependencies, prepare working directories.

Tue Jun 29 12:02:13 EDT 2021	Start to find LTR candidates.

Tue Jun 29 12:02:13 EDT 2021	Identify LTR retrotransposon candidates from scratch.

Tue Jun 29 12:18:03 EDT 2021	Finish finding LTR candidates.

Tue Jun 29 12:18:03 EDT 2021	Start to find TIR candidates.

Tue Jun 29 12:18:03 EDT 2021	Identify TIR candidates from scratch.

Species: others
Tue Jun 29 14:12:23 EDT 2021	Finish finding TIR candidates.

Tue Jun 29 14:12:23 EDT 2021	Start to find Helitron candidates.

Tue Jun 29 14:12:23 EDT 2021	Identify Helitron candidates from scratch.

Tue Jun 29 15:42:37 EDT 2021	Finish finding Helitron candidates.

Tue Jun 29 15:42:37 EDT 2021	Execution of EDTA_raw.pl is finished!

Tue Jun 29 15:42:37 EDT 2021	Obtain raw TE libraries finished.
				All intact TEs found by EDTA: 
					1008_2339_NewNames.fasta.mod.EDTA.intact.fa
					1008_2339_NewNames.fasta.mod.EDTA.intact.gff3

Tue Jun 29 15:42:37 EDT 2021	Perform EDTA advance filtering for raw TE candidates and generate the stage 1 library: 

Tue Jun 29 15:54:22 EDT 2021	EDTA advance filtering finished.

Tue Jun 29 15:54:22 EDT 2021	Perform EDTA final steps to generate a non-redundant comprehensive TE library:

				Use RepeatModeler to identify any remaining TEs that are missed by structure-based methods.

2021-06-29 22:43:23,803 -WARNING- Grid computing is not available because DRMAA not configured properly: Could not find drmaa library.  Please specify its full path using the environment variable DRMAA_LIBRARY_PATH
2021-06-29 22:43:24,070 -INFO- VARS: {'sequence': '1008_2339_NewNames.fasta.mod.RM.consensi.fa', 'hmm_database': 'rexdb', 'seq_type': 'nucl', 'prefix': '1008_2339_NewNames.fasta.mod.RM.consensi.fa.rexdb', 'force_write_hmmscan': False, 'processors': 20, 'tmp_dir': './tmp', 'min_coverage': 20, 'max_evalue': 0.001, 'disable_pass2': False, 'pass2_rule': '80-80-80', 'no_library': False, 'no_reverse': False, 'no_cleanup': False, 'p2_identity': 80.0, 'p2_coverage': 80.0, 'p2_length': 80.0}
2021-06-29 22:43:24,070 -INFO- checking dependencies:
2021-06-29 22:43:24,210 -INFO- hmmer	3.3.1	OK
2021-06-29 22:43:24,363 -INFO- blastn	2.10.0+	OK
2021-06-29 22:43:24,366 -INFO- check database rexdb
2021-06-29 22:43:24,366 -INFO- db path: /mnt/ufs18/home-115/teresisc/anaconda3/envs/EDTA/lib/python3.6/site-packages/TEsorter/database
2021-06-29 22:43:24,366 -INFO- db file: REXdb_protein_database_viridiplantae_v3.0_plus_metazoa_v3.hmm
2021-06-29 22:43:24,371 -INFO- REXdb_protein_database_viridiplantae_v3.0_plus_metazoa_v3.hmm	OK
2021-06-29 22:43:24,372 -INFO- Start classifying pipeline
2021-06-29 22:43:25,721 -INFO- total 620 sequences
2021-06-29 22:43:25,721 -INFO- translating `1008_2339_NewNames.fasta.mod.RM.consensi.fa` in six frames
/mnt/home/teresisc/anaconda3/envs/EDTA/lib/python3.6/site-packages/Bio/Seq.py:2338: BiopythonWarning: Partial codon, len(sequence) not a multiple of three. Explicitly trim the sequence or add trailing N before translation. This may become an error in future.
  BiopythonWarning,
2021-06-29 22:43:26,515 -INFO- HMM scanning against `/mnt/ufs18/home-115/teresisc/anaconda3/envs/EDTA/lib/python3.6/site-packages/TEsorter/database/REXdb_protein_database_viridiplantae_v3.0_plus_metazoa_v3.hmm`
2021-06-29 22:43:26,560 -INFO- Creating server instance (pp-1.6.4.4)
2021-06-29 22:43:26,560 -INFO- Running on Python 3.6.12 linux
2021-06-29 22:43:27,893 -INFO- pp local server started with 20 workers
2021-06-29 22:43:27,994 -INFO- Task 0 started
2021-06-29 22:43:27,995 -INFO- Task 1 started
2021-06-29 22:43:27,995 -INFO- Task 2 started
2021-06-29 22:43:27,995 -INFO- Task 3 started
2021-06-29 22:43:27,995 -INFO- Task 4 started
2021-06-29 22:43:27,995 -INFO- Task 5 started
2021-06-29 22:43:27,996 -INFO- Task 6 started
2021-06-29 22:43:27,996 -INFO- Task 7 started
2021-06-29 22:43:27,996 -INFO- Task 8 started
2021-06-29 22:43:27,997 -INFO- Task 9 started
2021-06-29 22:43:27,997 -INFO- Task 10 started
2021-06-29 22:43:27,997 -INFO- Task 11 started
2021-06-29 22:43:27,997 -INFO- Task 12 started
2021-06-29 22:43:27,998 -INFO- Task 13 started
2021-06-29 22:43:27,998 -INFO- Task 14 started
2021-06-29 22:43:27,998 -INFO- Task 15 started
2021-06-29 22:43:27,998 -INFO- Task 16 started
2021-06-29 22:43:27,999 -INFO- Task 17 started
2021-06-29 22:43:27,999 -INFO- Task 18 started
2021-06-29 22:43:27,999 -INFO- Task 19 started
2021-06-29 22:43:52,189 -INFO- generating gene anntations
2021-06-29 22:43:52,266 -INFO- 54 sequences classified by HMM
2021-06-29 22:43:52,266 -INFO- see protein domain sequences in `1008_2339_NewNames.fasta.mod.RM.consensi.fa.rexdb.dom.faa` and annotation gff3 file in `1008_2339_NewNames.fasta.mod.RM.consensi.fa.rexdb.dom.gff3`
2021-06-29 22:43:52,266 -INFO- classifying the unclassified sequences by searching against the classified ones
2021-06-29 22:43:52,300 -INFO- using the 80-80-80 rule
2021-06-29 22:43:52,300 -INFO- run CMD: `makeblastdb -in ./tmp/pass1_classified.fa -dbtype nucl`
2021-06-29 22:43:52,543 -INFO- run CMD: `blastn -query ./tmp/pass1_unclassified.fa -db ./tmp/pass1_classified.fa -out ./tmp/pass1_unclassified.fa.blastout -outfmt '6 qseqid sseqid pident length mismatch gapopen qstart qend sstart send evalue bitscore qlen slen qcovs qcovhsp sstrand' -num_threads 20`
2021-06-29 22:43:52,749 -INFO- 3 sequences classified in pass 2
2021-06-29 22:43:52,749 -INFO- total 57 sequences classified.
2021-06-29 22:43:52,750 -INFO- see classified sequences in `1008_2339_NewNames.fasta.mod.RM.consensi.fa.rexdb.cls.tsv`
2021-06-29 22:43:52,750 -INFO- writing library for RepeatMasker in `1008_2339_NewNames.fasta.mod.RM.consensi.fa.rexdb.cls.lib`
2021-06-29 22:43:52,775 -INFO- writing classified protein domains in `1008_2339_NewNames.fasta.mod.RM.consensi.fa.rexdb.cls.pep`
2021-06-29 22:43:52,778 -INFO- Summary of classifications:
Order           Superfamily      # of Sequences# of Clade Sequences    # of Clades# of full Domains
LTR             Gypsy                         5              3              2              0
pararetrovirus  unknown                       7              0              0              0
LINE            unknown                      36              0              0              0
TIR             EnSpm_CACTA                   3              0              0              0
TIR             MuDR_Mutator                  4              0              0              0
TIR             hAT                           2              0              0              0
2021-06-29 22:43:52,778 -INFO- Pipeline done.
2021-06-29 22:43:52,778 -INFO- cleaning the temporary directory ./tmp
Tue Jun 29 22:49:27 EDT 2021	Clean up TE-related sequences in the CDS file with TEsorter:

2021-06-29 22:49:28,643 -WARNING- Grid computing is not available because DRMAA not configured properly: Could not find drmaa library.  Please specify its full path using the environment variable DRMAA_LIBRARY_PATH
2021-06-29 22:49:28,648 -INFO- VARS: {'sequence': '1008_2339_CDS_NewNames.fasta.code', 'hmm_database': 'rexdb', 'seq_type': 'nucl', 'prefix': '1008_2339_CDS_NewNames.fasta.code.rexdb', 'force_write_hmmscan': False, 'processors': 20, 'tmp_dir': './tmp', 'min_coverage': 20, 'max_evalue': 0.001, 'disable_pass2': False, 'pass2_rule': '80-80-80', 'no_library': False, 'no_reverse': False, 'no_cleanup': False, 'p2_identity': 80.0, 'p2_coverage': 80.0, 'p2_length': 80.0}
2021-06-29 22:49:28,648 -INFO- checking dependencies:
2021-06-29 22:49:28,658 -INFO- hmmer	3.3.1	OK
2021-06-29 22:49:28,708 -INFO- blastn	2.10.0+	OK
2021-06-29 22:49:28,712 -INFO- check database rexdb
2021-06-29 22:49:28,712 -INFO- db path: /mnt/ufs18/home-115/teresisc/anaconda3/envs/EDTA/lib/python3.6/site-packages/TEsorter/database
2021-06-29 22:49:28,712 -INFO- db file: REXdb_protein_database_viridiplantae_v3.0_plus_metazoa_v3.hmm
2021-06-29 22:49:28,712 -INFO- REXdb_protein_database_viridiplantae_v3.0_plus_metazoa_v3.hmm	OK
2021-06-29 22:49:28,713 -INFO- Start classifying pipeline
2021-06-29 22:49:28,969 -INFO- total 33475 sequences
2021-06-29 22:49:28,969 -INFO- translating `1008_2339_CDS_NewNames.fasta.code` in six frames
/mnt/home/teresisc/anaconda3/envs/EDTA/lib/python3.6/site-packages/Bio/Seq.py:2338: BiopythonWarning: Partial codon, len(sequence) not a multiple of three. Explicitly trim the sequence or add trailing N before translation. This may become an error in future.
  BiopythonWarning,
2021-06-29 22:50:12,463 -INFO- HMM scanning against `/mnt/ufs18/home-115/teresisc/anaconda3/envs/EDTA/lib/python3.6/site-packages/TEsorter/database/REXdb_protein_database_viridiplantae_v3.0_plus_metazoa_v3.hmm`
2021-06-29 22:50:14,555 -INFO- Creating server instance (pp-1.6.4.4)
2021-06-29 22:50:14,556 -INFO- Running on Python 3.6.12 linux
2021-06-29 22:50:15,797 -INFO- pp local server started with 20 workers
2021-06-29 22:50:15,816 -INFO- Task 0 started
2021-06-29 22:50:15,817 -INFO- Task 1 started
2021-06-29 22:50:15,817 -INFO- Task 2 started
2021-06-29 22:50:15,818 -INFO- Task 3 started
2021-06-29 22:50:15,818 -INFO- Task 4 started
2021-06-29 22:50:15,818 -INFO- Task 5 started
2021-06-29 22:50:15,818 -INFO- Task 6 started
2021-06-29 22:50:15,818 -INFO- Task 7 started
2021-06-29 22:50:15,819 -INFO- Task 8 started
2021-06-29 22:50:15,819 -INFO- Task 9 started
2021-06-29 22:50:15,819 -INFO- Task 10 started
2021-06-29 22:50:15,819 -INFO- Task 11 started
2021-06-29 22:50:15,820 -INFO- Task 12 started
2021-06-29 22:50:15,820 -INFO- Task 13 started
2021-06-29 22:50:15,821 -INFO- Task 14 started
2021-06-29 22:50:15,821 -INFO- Task 15 started
2021-06-29 22:50:15,822 -INFO- Task 16 started
2021-06-29 22:50:15,822 -INFO- Task 17 started
2021-06-29 22:50:15,822 -INFO- Task 18 started
2021-06-29 22:50:15,822 -INFO- Task 19 started
2021-06-29 23:12:06,866 -INFO- generating gene anntations
2021-06-29 23:12:09,523 -INFO- 771 sequences classified by HMM
2021-06-29 23:12:09,523 -INFO- see protein domain sequences in `1008_2339_CDS_NewNames.fasta.code.rexdb.dom.faa` and annotation gff3 file in `1008_2339_CDS_NewNames.fasta.code.rexdb.dom.gff3`
2021-06-29 23:12:09,524 -INFO- classifying the unclassified sequences by searching against the classified ones
2021-06-29 23:12:10,519 -INFO- using the 80-80-80 rule
2021-06-29 23:12:10,519 -INFO- run CMD: `makeblastdb -in ./tmp/pass1_classified.fa -dbtype nucl`
2021-06-29 23:12:10,936 -INFO- run CMD: `blastn -query ./tmp/pass1_unclassified.fa -db ./tmp/pass1_classified.fa -out ./tmp/pass1_unclassified.fa.blastout -outfmt '6 qseqid sseqid pident length mismatch gapopen qstart qend sstart send evalue bitscore qlen slen qcovs qcovhsp sstrand' -num_threads 20`
2021-06-29 23:12:18,127 -INFO- 215 sequences classified in pass 2
2021-06-29 23:12:18,127 -INFO- total 986 sequences classified.
2021-06-29 23:12:18,127 -INFO- see classified sequences in `1008_2339_CDS_NewNames.fasta.code.rexdb.cls.tsv`
2021-06-29 23:12:18,127 -INFO- writing library for RepeatMasker in `1008_2339_CDS_NewNames.fasta.code.rexdb.cls.lib`
2021-06-29 23:12:18,876 -INFO- writing classified protein domains in `1008_2339_CDS_NewNames.fasta.code.rexdb.cls.pep`
2021-06-29 23:12:18,915 -INFO- Summary of classifications:
Order           Superfamily      # of Sequences# of Clade Sequences    # of Clades# of full Domains
LTR             Bel-Pao                       4              0              0              0
LTR             Copia                       155            120             15              3
LTR             Gypsy                       156            126             17              7
LTR             Retrovirus                    5              0              0              0
LTR             mixture                       3              0              0              0
pararetrovirus  unknown                       1              0              0              0
Penelope        unknown                       1              0              0              0
LINE            unknown                     177              0              0              0
TIR             EnSpm_CACTA                  12              0              0              0
TIR             MuDR_Mutator                162              0              0              0
TIR             PIF_Harbinger                35              0              0              0
TIR             Tc1_Mariner                   2              0              0              0
TIR             hAT                         123              0              0              0
Helitron        unknown                      16              0              0              0
Maverick        unknown                     124              0              0              0
mixture         mixture                      10              0              0              0
2021-06-29 23:12:18,916 -INFO- Pipeline done.
2021-06-29 23:12:18,916 -INFO- cleaning the temporary directory ./tmp
				Remove CDS-related sequences in the EDTA library:

Tue Jun 29 23:21:37 EDT 2021	EDTA final stage finished! You may check out:
				The final EDTA TE library: 1008_2339_NewNames.fasta.mod.EDTA.TElib.fa
Tue Jun 29 23:21:37 EDT 2021	Perform post-EDTA analysis for whole-genome annotation:

Tue Jun 29 23:21:37 EDT 2021	Homology-based annotation of TEs using 1008_2339_NewNames.fasta.mod.EDTA.TElib.fa from scratch.

Tue Jun 29 23:35:40 EDT 2021	TE annotation using the EDTA library has finished! Check out:
				Whole-genome TE annotation (total TE: 30.58%): 1008_2339_NewNames.fasta.mod.EDTA.TEanno.gff3
				Whole-genome TE annotation summary: 1008_2339_NewNames.fasta.mod.EDTA.TEanno.sum
				Low-threshold TE masking for MAKER gene annotation (masked: 14.44%): 1008_2339_NewNames.fasta.mod.MAKER.masked

